<?xml version="1.0" encoding="UTF-8"?>
<!-- Generated by org.testng.reporters.JUnitReportReporter -->
<testsuite skipped="0" hostname="DESKTOP-V39QH6A" name="com.testng.practice.Reports" tests="1" failures="0" timestamp="15 Nov 2022 14:59:17 GMT" time="0.045" errors="0">
  <testcase name="test" time="0.045" classname="com.testng.practice.Reports"/>
</testsuite> <!-- com.testng.practice.Reports -->
